<?xml version="1.0" encoding="UTF-8"?>
<!-- Generated by org.testng.reporters.JUnitXMLReporter -->
<testsuite ignored="0" hostname="ZSCHN01LP0345" failures="0" tests="3" name="Default test" time="7.932" errors="0" timestamp="2024-02-06T15:00:01 IST">
  <testcase classname="testScripts.PlaceOrderTest" name="addToCartTest" time="1.676"/>
  <testcase classname="testScripts.PlaceOrderTest" name="checkoutTest" time="0.585"/>
  <testcase classname="testScripts.PlaceOrderTest" name="checkoutForm" time="2.393"/>
</testsuite> <!-- Default test -->
