<?xml version="1.0" encoding="UTF-8"?>
<testng-results ignored="0" total="3" passed="3" failed="0" skipped="0">
  <reporter-output>
  </reporter-output>
  <suite started-at="2024-02-06T14:59:53 IST" name="Default suite" finished-at="2024-02-06T15:00:01 IST" duration-ms="7932">
    <groups>
    </groups>
    <test started-at="2024-02-06T14:59:53 IST" name="Default test" finished-at="2024-02-06T15:00:01 IST" duration-ms="7932">
      <class name="testScripts.PlaceOrderTest">
        <test-method is-config="true" signature="setup()[pri:0, instance:testScripts.PlaceOrderTest@61e3a1fd]" started-at="2024-02-06T14:59:53 IST" name="setup" finished-at="2024-02-06T14:59:56 IST" duration-ms="3119" status="PASS">
          <reporter-output>
          </reporter-output>
        </test-method> <!-- setup -->
        <test-method signature="addToCartTest()[pri:1, instance:testScripts.PlaceOrderTest@61e3a1fd]" started-at="2024-02-06T14:59:56 IST" name="addToCartTest" finished-at="2024-02-06T14:59:58 IST" duration-ms="1676" status="PASS">
          <reporter-output>
          </reporter-output>
        </test-method> <!-- addToCartTest -->
        <test-method signature="checkoutTest()[pri:2, instance:testScripts.PlaceOrderTest@61e3a1fd]" started-at="2024-02-06T14:59:58 IST" name="checkoutTest" finished-at="2024-02-06T14:59:59 IST" duration-ms="585" status="PASS">
          <reporter-output>
          </reporter-output>
        </test-method> <!-- checkoutTest -->
        <test-method signature="checkoutForm()[pri:3, instance:testScripts.PlaceOrderTest@61e3a1fd]" started-at="2024-02-06T14:59:59 IST" name="checkoutForm" finished-at="2024-02-06T15:00:01 IST" duration-ms="2393" status="PASS">
          <reporter-output>
          </reporter-output>
        </test-method> <!-- checkoutForm -->
      </class> <!-- testScripts.PlaceOrderTest -->
    </test> <!-- Default test -->
  </suite> <!-- Default suite -->
</testng-results>
